[35m[Appium][39m Welcome to Appium v1.22.3
[35m[Appium][39m Non-default server args:
[35m[Appium][39m   port: 53131
[35m[Appium][39m   loglevel: info
[35m[Appium][39m   tmpDir: C:\Users\dell\AppData\Local\Temp\\Katalon\Appium\Temp1673409477971
[35m[Appium][39m   chromedriverPort: 53132
[35m[Appium][39m Deprecated server args:
[35m[Appium][39m   [31m--chromedriver-port[39m => --default-capabilities
[35m[Appium][39m Default capabilities, which will be added to each request unless overridden by desired capabilities:
[35m[Appium][39m   chromedriverPort: 53132
[35m[Appium][39m Appium REST http interface listener started on 0.0.0.0:53131
[35m[HTTP][39m [37m-->[39m [37mGET[39m [37m/wd/hub/status[39m
[35m[HTTP][39m [90m{}[39m
[35m[HTTP][39m [37m<-- GET /wd/hub/status [39m[32m200[39m [90m9 ms - 68[39m
[35m[HTTP][39m [90m[39m
[35m[HTTP][39m [37m-->[39m [37mPOST[39m [37m/wd/hub/session[39m
[35m[HTTP][39m [90m{"desiredCapabilities":{"app":"C:\\Users\\dell\\Katalon Studio\\Final Project\\MobileTest\\HappyDayShopping1.apk","noReset":false,"deviceName":"emulator-5554 (AOSP on IA Emulator - Android 9)","fullReset":true,"platform":"ANDROID","newCommandTimeout":1800,"platformVersion":"9","automationName":"uiautomator2","autoGrantPermissions":true,"platformName":"Android","udid":"emulator-5554","systemPort":53130},"capabilities":{"firstMatch":[{"appium:app":"C:\\Users\\dell\\Katalon Studio\\Final Project\\MobileTest\\HappyDayShopping1.apk","appium:autoGrantPermissions":true,"appium:automationName":"uiautomator2","appium:deviceName":"emulator-5554 (AOSP on IA Emulator - Android 9)","appium:fullReset":true,"appium:newCommandTimeout":1800,"appium:noReset":false,"platform":"ANDROID","platformName":"android","appium:platformVersion":"9","appium:systemPort":53130,"appium:udid":"emulator-5554"}]}}[39m
[35m[BaseDriver][39m The following capabilities are not standard capabilities and should have an extension prefix:
[35m[BaseDriver][39m   platform
[35m[BaseDriver][39m   chromedriverPort
[35m[Appium][39m Appium v1.22.3 creating new AndroidUiautomator2Driver (v1.70.1) session
[35m[BaseDriver][39m The following capabilities were provided, but are not recognized by Appium:
[35m[BaseDriver][39m   platform
[35m[BaseDriver][39m Session created with session id: fe48aba3-fa04-449c-967a-053b9ef74b83
[35m[BaseDriver][39m Using local app 'C:\Users\dell\Katalon Studio\Final Project\MobileTest\HappyDayShopping1.apk'
[35m[ADB][39m Found 2 'build-tools' folders under 'C:\Users\dell\AppData\Local\Android\Sdk' (newest first):
[35m[ADB][39m     C:/Users/dell/AppData/Local/Android/Sdk/build-tools/33.0.1
[35m[ADB][39m     C:/Users/dell/AppData/Local/Android/Sdk/build-tools/31.0.0
[35m[ADB][39m Using 'adb.exe' from 'C:\Users\dell\AppData\Local\Android\Sdk\platform-tools\adb.exe'
[35m[AndroidDriver][39m Retrieving device list
[35m[AndroidDriver][39m Using device: emulator-5554
[35m[ADB][39m Using 'adb.exe' from 'C:\Users\dell\AppData\Local\Android\Sdk\platform-tools\adb.exe'
[35m[ADB][39m Getting device platform version
[35m[UiAutomator2][39m Relaxing hidden api policy
[35m[ADB][39m Package name: 'com.ecwid.ShopAt.HappyDayShopping'
[35m[ADB][39m Main activity name: 'com.pb.MainActivity'
[35m[ADB][39m Using 'apksigner.jar' from 'C:\Users\dell\AppData\Local\Android\Sdk\build-tools\33.0.1\lib\apksigner.jar'
[35m[ADB][39m 'C:\Users\dell\AppData\Roaming\npm\node_modules\appium\node_modules\appium-uiautomator2-server\apks\appium-uiautomator2-server-v4.27.0.apk' is signed with the default certificate
[35m[ADB][39m 'C:\Users\dell\AppData\Roaming\npm\node_modules\appium\node_modules\appium-uiautomator2-server\apks\appium-uiautomator2-server-debug-androidTest.apk' is signed with the default certificate
[35m[UiAutomator2][39m Server packages are not going to be (re)installed
[35m[ADB][39m Adding packages ["io.appium.settings","io.appium.uiautomator2.server","io.appium.uiautomator2.server.test"] to Doze whitelist
[35m[ADB][39m 'C:\Users\dell\Katalon Studio\Final Project\MobileTest\HappyDayShopping1.apk' is signed with a non-default certificate
[35m[ADB][39m com.ecwid.ShopAt.HappyDayShopping was not uninstalled, because it was not present on the device
[35m[ADB][39m The application at 'C:\Users\dell\Katalon Studio\Final Project\MobileTest\HappyDayShopping1.apk' will not be cached, because the device under test has confirmed the support of streamed installs
[35m[ADB][39m The installation of 'HappyDayShopping1.apk' took 7149ms
[35m[UiAutomator2][39m Starting UIAutomator2 server 4.27.0
[35m[UiAutomator2][39m Using UIAutomator2 server from 'C:\Users\dell\AppData\Roaming\npm\node_modules\appium\node_modules\appium-uiautomator2-server\apks\appium-uiautomator2-server-v4.27.0.apk' and test from 'C:\Users\dell\AppData\Roaming\npm\node_modules\appium\node_modules\appium-uiautomator2-server\apks\appium-uiautomator2-server-debug-androidTest.apk'
[35m[UiAutomator2][39m Waiting up to 30000ms for UiAutomator2 to be online...
[35m[WD Proxy][39m socket hang up
[35m[WD Proxy][39m socket hang up
[35m[WD Proxy][39m socket hang up
[35m[WD Proxy][39m socket hang up
[35m[WD Proxy][39m Determined the downstream protocol as 'W3C'
[35m[AndroidDriver][39m Screen already unlocked, doing nothing
[35m[UiAutomator2][39m Starting 'com.ecwid.ShopAt.HappyDayShopping/com.pb.MainActivity and waiting for 'com.ecwid.ShopAt.HappyDayShopping/com.pb.MainActivity'
[35m[Appium][39m New AndroidUiautomator2Driver session created successfully, session fe48aba3-fa04-449c-967a-053b9ef74b83 added to master session list
[35m[HTTP][39m [37m<-- POST /wd/hub/session [39m[32m200[39m [90m22377 ms - 1363[39m
[35m[HTTP][39m [90m[39m
[35m[HTTP][39m [37m-->[39m [37mGET[39m [37m/wd/hub/session/fe48aba3-fa04-449c-967a-053b9ef74b83[39m
[35m[HTTP][39m [90m{}[39m
[35m[HTTP][39m [37m<-- GET /wd/hub/session/fe48aba3-fa04-449c-967a-053b9ef74b83 [39m[32m200[39m [90m26 ms - 1317[39m
[35m[HTTP][39m [90m[39m
[35m[HTTP][39m [37m-->[39m [37mGET[39m [37m/wd/hub/session/fe48aba3-fa04-449c-967a-053b9ef74b83[39m
[35m[HTTP][39m [90m{}[39m
[35m[HTTP][39m [37m<-- GET /wd/hub/session/fe48aba3-fa04-449c-967a-053b9ef74b83 [39m[32m200[39m [90m65 ms - 1317[39m
[35m[HTTP][39m [90m[39m
[35m[HTTP][39m [37m-->[39m [37mGET[39m [37m/wd/hub/status[39m
[35m[HTTP][39m [90m{}[39m
[35m[HTTP][39m [37m<-- GET /wd/hub/status [39m[32m200[39m [90m2 ms - 68[39m
[35m[HTTP][39m [90m[39m
[35m[HTTP][39m [37m-->[39m [37mPOST[39m [37m/wd/hub/session/fe48aba3-fa04-449c-967a-053b9ef74b83/timeouts[39m
[35m[HTTP][39m [90m{"implicit":30000}[39m
[35m[HTTP][39m [37m<-- POST /wd/hub/session/fe48aba3-fa04-449c-967a-053b9ef74b83/timeouts [39m[32m200[39m [90m7 ms - 14[39m
[35m[HTTP][39m [90m[39m
[35m[HTTP][39m [37m-->[39m [37mGET[39m [37m/wd/hub/session/fe48aba3-fa04-449c-967a-053b9ef74b83/screenshot[39m
[35m[HTTP][39m [90m{}[39m
[35m[HTTP][39m [37m<-- GET /wd/hub/session/fe48aba3-fa04-449c-967a-053b9ef74b83/screenshot [39m[32m200[39m [90m3840 ms - 51468[39m
[35m[HTTP][39m [90m[39m
[35m[HTTP][39m [37m-->[39m [37mGET[39m [37m/wd/hub/session/fe48aba3-fa04-449c-967a-053b9ef74b83/window/rect[39m
[35m[HTTP][39m [90m{}[39m
[35m[HTTP][39m [37m<-- GET /wd/hub/session/fe48aba3-fa04-449c-967a-053b9ef74b83/window/rect [39m[32m200[39m [90m131 ms - 50[39m
[35m[HTTP][39m [90m[39m
[35m[HTTP][39m [37m-->[39m [37mGET[39m [37m/wd/hub/session/fe48aba3-fa04-449c-967a-053b9ef74b83/appium/device/system_bars[39m
[35m[HTTP][39m [90m{}[39m
[35m[HTTP][39m [37m<-- GET /wd/hub/session/fe48aba3-fa04-449c-967a-053b9ef74b83/appium/device/system_bars [39m[32m200[39m [90m1048 ms - 148[39m
[35m[HTTP][39m [90m[39m
[35m[HTTP][39m [37m-->[39m [37mPOST[39m [37m/wd/hub/session/fe48aba3-fa04-449c-967a-053b9ef74b83/timeouts[39m
[35m[HTTP][39m [90m{"implicit":50}[39m
[35m[HTTP][39m [37m<-- POST /wd/hub/session/fe48aba3-fa04-449c-967a-053b9ef74b83/timeouts [39m[32m200[39m [90m5 ms - 14[39m
[35m[HTTP][39m [90m[39m
[35m[HTTP][39m [37m-->[39m [37mGET[39m [37m/wd/hub/session/fe48aba3-fa04-449c-967a-053b9ef74b83/window/rect[39m
[35m[HTTP][39m [90m{}[39m
[35m[HTTP][39m [37m<-- GET /wd/hub/session/fe48aba3-fa04-449c-967a-053b9ef74b83/window/rect [39m[32m200[39m [90m135 ms - 50[39m
[35m[HTTP][39m [90m[39m
[35m[HTTP][39m [37m-->[39m [37mPOST[39m [37m/wd/hub/session/fe48aba3-fa04-449c-967a-053b9ef74b83/elements[39m
[35m[HTTP][39m [90m{"using":"xpath","value":"//hierarchy/android.widget.FrameLayout[1]/android.widget.LinearLayout[1]/android.widget.FrameLayout[1]/android.widget.LinearLayout[1]/android.widget.FrameLayout[1]/android.widget.FrameLayout[1]/android.view.ViewGroup[1]/android.view.ViewGroup[2]/android.view.ViewGroup[1]/android.view.ViewGroup[1]/android.view.ViewGroup[1]/android.view.ViewGroup[1]/android.view.ViewGroup[1]/android.view.ViewGroup[1]/android.view.ViewGroup[1]/android.widget.ScrollView[1]/android.view.ViewGroup[1]/android.widget.ScrollView[1]/android.view.ViewGroup[1]/android.widget.ScrollView[1]/android.view.ViewGroup[1]/android.view.ViewGroup[2]/android.view.ViewGroup[1]/android.view.ViewGroup[1]/android.view.ViewGroup[1]"}[39m
[35m[HTTP][39m [37m<-- POST /wd/hub/session/fe48aba3-fa04-449c-967a-053b9ef74b83/elements [39m[32m200[39m [90m8980 ms - 139[39m
[35m[HTTP][39m [90m[39m
[35m[HTTP][39m [37m-->[39m [37mGET[39m [37m/wd/hub/session/fe48aba3-fa04-449c-967a-053b9ef74b83/element/00000000-0000-001e-ffff-ffff0000007a/location[39m
[35m[HTTP][39m [90m{}[39m
[35m[W3C (fe48aba3)][39m Driver proxy active, passing request on via HTTP proxy
[35m[WD Proxy][39m Replacing sessionId 754379f3-ccff-4116-977b-72bd65542108 with fe48aba3-fa04-449c-967a-053b9ef74b83
[35m[HTTP][39m [37m<-- GET /wd/hub/session/fe48aba3-fa04-449c-967a-053b9ef74b83/element/00000000-0000-001e-ffff-ffff0000007a/location [39m[32m200[39m [90m2159 ms - 78[39m
[35m[HTTP][39m [90m[39m
[35m[HTTP][39m [37m-->[39m [37mPOST[39m [37m/wd/hub/session/fe48aba3-fa04-449c-967a-053b9ef74b83/timeouts[39m
[35m[HTTP][39m [90m{"implicit":30000}[39m
[35m[HTTP][39m [37m<-- POST /wd/hub/session/fe48aba3-fa04-449c-967a-053b9ef74b83/timeouts [39m[32m200[39m [90m3 ms - 14[39m
[35m[HTTP][39m [90m[39m
[35m[HTTP][39m [37m-->[39m [37mPOST[39m [37m/wd/hub/session/fe48aba3-fa04-449c-967a-053b9ef74b83/element/00000000-0000-001e-ffff-ffff0000007a/click[39m
[35m[HTTP][39m [90m{"id":"00000000-0000-001e-ffff-ffff0000007a"}[39m
[35m[HTTP][39m [37m<-- POST /wd/hub/session/fe48aba3-fa04-449c-967a-053b9ef74b83/element/00000000-0000-001e-ffff-ffff0000007a/click [39m[32m200[39m [90m471 ms - 14[39m
[35m[HTTP][39m [90m[39m
[35m[HTTP][39m [37m-->[39m [37mPOST[39m [37m/wd/hub/session/fe48aba3-fa04-449c-967a-053b9ef74b83/timeouts[39m
[35m[HTTP][39m [90m{"implicit":50}[39m
[35m[HTTP][39m [37m<-- POST /wd/hub/session/fe48aba3-fa04-449c-967a-053b9ef74b83/timeouts [39m[32m200[39m [90m8 ms - 14[39m
[35m[HTTP][39m [90m[39m
[35m[HTTP][39m [37m-->[39m [37mGET[39m [37m/wd/hub/session/fe48aba3-fa04-449c-967a-053b9ef74b83/window/rect[39m
[35m[HTTP][39m [90m{}[39m
[35m[HTTP][39m [37m<-- GET /wd/hub/session/fe48aba3-fa04-449c-967a-053b9ef74b83/window/rect [39m[32m200[39m [90m124 ms - 50[39m
[35m[HTTP][39m [90m[39m
[35m[HTTP][39m [37m-->[39m [37mPOST[39m [37m/wd/hub/session/fe48aba3-fa04-449c-967a-053b9ef74b83/elements[39m
[35m[HTTP][39m [90m{"using":"xpath","value":"//hierarchy/android.widget.FrameLayout[1]/android.widget.LinearLayout[1]/android.widget.FrameLayout[1]/android.widget.LinearLayout[1]/android.widget.FrameLayout[1]/android.widget.FrameLayout[1]/android.view.ViewGroup[1]/android.view.ViewGroup[2]/android.view.ViewGroup[1]/android.view.ViewGroup[1]/android.view.ViewGroup[1]/android.view.ViewGroup[1]/android.view.ViewGroup[1]/android.view.ViewGroup[1]/android.view.ViewGroup[1]/android.widget.ScrollView[1]/android.view.ViewGroup[1]/android.widget.ScrollView[1]/android.view.ViewGroup[1]/android.view.ViewGroup[2]/android.view.ViewGroup[1]/android.view.ViewGroup[2]/android.view.ViewGroup[1]"}[39m
[35m[HTTP][39m [37m<-- POST /wd/hub/session/fe48aba3-fa04-449c-967a-053b9ef74b83/elements [39m[32m200[39m [90m2750 ms - 12[39m
[35m[HTTP][39m [90m[39m
[35m[HTTP][39m [37m-->[39m [37mPOST[39m [37m/wd/hub/session/fe48aba3-fa04-449c-967a-053b9ef74b83/elements[39m
[35m[HTTP][39m [90m{"using":"xpath","value":"//hierarchy/android.widget.FrameLayout[1]/android.widget.LinearLayout[1]/android.widget.FrameLayout[1]/android.widget.LinearLayout[1]/android.widget.FrameLayout[1]/android.widget.FrameLayout[1]/android.view.ViewGroup[1]/android.view.ViewGroup[2]/android.view.ViewGroup[1]/android.view.ViewGroup[1]/android.view.ViewGroup[1]/android.view.ViewGroup[1]/android.view.ViewGroup[1]/android.view.ViewGroup[1]/android.view.ViewGroup[1]/android.widget.ScrollView[1]/android.view.ViewGroup[1]/android.widget.ScrollView[1]/android.view.ViewGroup[1]/android.view.ViewGroup[2]/android.view.ViewGroup[1]/android.view.ViewGroup[2]/android.view.ViewGroup[1]"}[39m
[35m[HTTP][39m [37m<-- POST /wd/hub/session/fe48aba3-fa04-449c-967a-053b9ef74b83/elements [39m[32m200[39m [90m1486 ms - 12[39m
[35m[HTTP][39m [90m[39m
[35m[HTTP][39m [37m-->[39m [37mPOST[39m [37m/wd/hub/session/fe48aba3-fa04-449c-967a-053b9ef74b83/elements[39m
[35m[HTTP][39m [90m{"using":"xpath","value":"//hierarchy/android.widget.FrameLayout[1]/android.widget.LinearLayout[1]/android.widget.FrameLayout[1]/android.widget.LinearLayout[1]/android.widget.FrameLayout[1]/android.widget.FrameLayout[1]/android.view.ViewGroup[1]/android.view.ViewGroup[2]/android.view.ViewGroup[1]/android.view.ViewGroup[1]/android.view.ViewGroup[1]/android.view.ViewGroup[1]/android.view.ViewGroup[1]/android.view.ViewGroup[1]/android.view.ViewGroup[1]/android.widget.ScrollView[1]/android.view.ViewGroup[1]/android.widget.ScrollView[1]/android.view.ViewGroup[1]/android.view.ViewGroup[2]/android.view.ViewGroup[1]/android.view.ViewGroup[2]/android.view.ViewGroup[1]"}[39m
[35m[HTTP][39m [37m<-- POST /wd/hub/session/fe48aba3-fa04-449c-967a-053b9ef74b83/elements [39m[32m200[39m [90m905 ms - 12[39m
[35m[HTTP][39m [90m[39m
[35m[HTTP][39m [37m-->[39m [37mPOST[39m [37m/wd/hub/session/fe48aba3-fa04-449c-967a-053b9ef74b83/elements[39m
[35m[HTTP][39m [90m{"using":"xpath","value":"//hierarchy/android.widget.FrameLayout[1]/android.widget.LinearLayout[1]/android.widget.FrameLayout[1]/android.widget.LinearLayout[1]/android.widget.FrameLayout[1]/android.widget.FrameLayout[1]/android.view.ViewGroup[1]/android.view.ViewGroup[2]/android.view.ViewGroup[1]/android.view.ViewGroup[1]/android.view.ViewGroup[1]/android.view.ViewGroup[1]/android.view.ViewGroup[1]/android.view.ViewGroup[1]/android.view.ViewGroup[1]/android.widget.ScrollView[1]/android.view.ViewGroup[1]/android.widget.ScrollView[1]/android.view.ViewGroup[1]/android.view.ViewGroup[2]/android.view.ViewGroup[1]/android.view.ViewGroup[2]/android.view.ViewGroup[1]"}[39m
[35m[HTTP][39m [37m<-- POST /wd/hub/session/fe48aba3-fa04-449c-967a-053b9ef74b83/elements [39m[32m200[39m [90m1132 ms - 12[39m
[35m[HTTP][39m [90m[39m
[35m[HTTP][39m [37m-->[39m [37mPOST[39m [37m/wd/hub/session/fe48aba3-fa04-449c-967a-053b9ef74b83/elements[39m
[35m[HTTP][39m [90m{"using":"xpath","value":"//hierarchy/android.widget.FrameLayout[1]/android.widget.LinearLayout[1]/android.widget.FrameLayout[1]/android.widget.LinearLayout[1]/android.widget.FrameLayout[1]/android.widget.FrameLayout[1]/android.view.ViewGroup[1]/android.view.ViewGroup[2]/android.view.ViewGroup[1]/android.view.ViewGroup[1]/android.view.ViewGroup[1]/android.view.ViewGroup[1]/android.view.ViewGroup[1]/android.view.ViewGroup[1]/android.view.ViewGroup[1]/android.widget.ScrollView[1]/android.view.ViewGroup[1]/android.widget.ScrollView[1]/android.view.ViewGroup[1]/android.view.ViewGroup[2]/android.view.ViewGroup[1]/android.view.ViewGroup[2]/android.view.ViewGroup[1]"}[39m
[35m[HTTP][39m [37m<-- POST /wd/hub/session/fe48aba3-fa04-449c-967a-053b9ef74b83/elements [39m[32m200[39m [90m1013 ms - 12[39m
[35m[HTTP][39m [90m[39m
[35m[HTTP][39m [37m-->[39m [37mPOST[39m [37m/wd/hub/session/fe48aba3-fa04-449c-967a-053b9ef74b83/elements[39m
[35m[HTTP][39m [90m{"using":"xpath","value":"//hierarchy/android.widget.FrameLayout[1]/android.widget.LinearLayout[1]/android.widget.FrameLayout[1]/android.widget.LinearLayout[1]/android.widget.FrameLayout[1]/android.widget.FrameLayout[1]/android.view.ViewGroup[1]/android.view.ViewGroup[2]/android.view.ViewGroup[1]/android.view.ViewGroup[1]/android.view.ViewGroup[1]/android.view.ViewGroup[1]/android.view.ViewGroup[1]/android.view.ViewGroup[1]/android.view.ViewGroup[1]/android.widget.ScrollView[1]/android.view.ViewGroup[1]/android.widget.ScrollView[1]/android.view.ViewGroup[1]/android.view.ViewGroup[2]/android.view.ViewGroup[1]/android.view.ViewGroup[2]/android.view.ViewGroup[1]"}[39m
[35m[HTTP][39m [37m<-- POST /wd/hub/session/fe48aba3-fa04-449c-967a-053b9ef74b83/elements [39m[32m200[39m [90m692 ms - 12[39m
[35m[HTTP][39m [90m[39m
[35m[HTTP][39m [37m-->[39m [37mPOST[39m [37m/wd/hub/session/fe48aba3-fa04-449c-967a-053b9ef74b83/elements[39m
[35m[HTTP][39m [90m{"using":"xpath","value":"//hierarchy/android.widget.FrameLayout[1]/android.widget.LinearLayout[1]/android.widget.FrameLayout[1]/android.widget.LinearLayout[1]/android.widget.FrameLayout[1]/android.widget.FrameLayout[1]/android.view.ViewGroup[1]/android.view.ViewGroup[2]/android.view.ViewGroup[1]/android.view.ViewGroup[1]/android.view.ViewGroup[1]/android.view.ViewGroup[1]/android.view.ViewGroup[1]/android.view.ViewGroup[1]/android.view.ViewGroup[1]/android.widget.ScrollView[1]/android.view.ViewGroup[1]/android.widget.ScrollView[1]/android.view.ViewGroup[1]/android.view.ViewGroup[2]/android.view.ViewGroup[1]/android.view.ViewGroup[2]/android.view.ViewGroup[1]"}[39m
[35m[HTTP][39m [37m<-- POST /wd/hub/session/fe48aba3-fa04-449c-967a-053b9ef74b83/elements [39m[32m200[39m [90m1351 ms - 12[39m
[35m[HTTP][39m [90m[39m
[35m[HTTP][39m [37m-->[39m [37mPOST[39m [37m/wd/hub/session/fe48aba3-fa04-449c-967a-053b9ef74b83/elements[39m
[35m[HTTP][39m [90m{"using":"xpath","value":"//hierarchy/android.widget.FrameLayout[1]/android.widget.LinearLayout[1]/android.widget.FrameLayout[1]/android.widget.LinearLayout[1]/android.widget.FrameLayout[1]/android.widget.FrameLayout[1]/android.view.ViewGroup[1]/android.view.ViewGroup[2]/android.view.ViewGroup[1]/android.view.ViewGroup[1]/android.view.ViewGroup[1]/android.view.ViewGroup[1]/android.view.ViewGroup[1]/android.view.ViewGroup[1]/android.view.ViewGroup[1]/android.widget.ScrollView[1]/android.view.ViewGroup[1]/android.widget.ScrollView[1]/android.view.ViewGroup[1]/android.view.ViewGroup[2]/android.view.ViewGroup[1]/android.view.ViewGroup[2]/android.view.ViewGroup[1]"}[39m
[35m[HTTP][39m [37m<-- POST /wd/hub/session/fe48aba3-fa04-449c-967a-053b9ef74b83/elements [39m[32m200[39m [90m1181 ms - 12[39m
[35m[HTTP][39m [90m[39m
[35m[HTTP][39m [37m-->[39m [37mPOST[39m [37m/wd/hub/session/fe48aba3-fa04-449c-967a-053b9ef74b83/elements[39m
[35m[HTTP][39m [90m{"using":"xpath","value":"//hierarchy/android.widget.FrameLayout[1]/android.widget.LinearLayout[1]/android.widget.FrameLayout[1]/android.widget.LinearLayout[1]/android.widget.FrameLayout[1]/android.widget.FrameLayout[1]/android.view.ViewGroup[1]/android.view.ViewGroup[2]/android.view.ViewGroup[1]/android.view.ViewGroup[1]/android.view.ViewGroup[1]/android.view.ViewGroup[1]/android.view.ViewGroup[1]/android.view.ViewGroup[1]/android.view.ViewGroup[1]/android.widget.ScrollView[1]/android.view.ViewGroup[1]/android.widget.ScrollView[1]/android.view.ViewGroup[1]/android.view.ViewGroup[2]/android.view.ViewGroup[1]/android.view.ViewGroup[2]/android.view.ViewGroup[1]"}[39m
[35m[HTTP][39m [37m<-- POST /wd/hub/session/fe48aba3-fa04-449c-967a-053b9ef74b83/elements [39m[32m200[39m [90m1732 ms - 139[39m
[35m[HTTP][39m [90m[39m
[35m[HTTP][39m [37m-->[39m [37mGET[39m [37m/wd/hub/session/fe48aba3-fa04-449c-967a-053b9ef74b83/element/00000000-0000-001e-ffff-ffff00000134/location[39m
[35m[HTTP][39m [90m{}[39m
[35m[W3C (fe48aba3)][39m Driver proxy active, passing request on via HTTP proxy
[35m[WD Proxy][39m Replacing sessionId 754379f3-ccff-4116-977b-72bd65542108 with fe48aba3-fa04-449c-967a-053b9ef74b83
[35m[HTTP][39m [37m<-- GET /wd/hub/session/fe48aba3-fa04-449c-967a-053b9ef74b83/element/00000000-0000-001e-ffff-ffff00000134/location [39m[32m200[39m [90m97 ms - 79[39m
[35m[HTTP][39m [90m[39m
[35m[HTTP][39m [37m-->[39m [37mPOST[39m [37m/wd/hub/session/fe48aba3-fa04-449c-967a-053b9ef74b83/timeouts[39m
[35m[HTTP][39m [90m{"implicit":30000}[39m
[35m[HTTP][39m [37m<-- POST /wd/hub/session/fe48aba3-fa04-449c-967a-053b9ef74b83/timeouts [39m[32m200[39m [90m2 ms - 14[39m
[35m[HTTP][39m [90m[39m
[35m[HTTP][39m [37m-->[39m [37mPOST[39m [37m/wd/hub/session/fe48aba3-fa04-449c-967a-053b9ef74b83/element/00000000-0000-001e-ffff-ffff00000134/click[39m
[35m[HTTP][39m [90m{"id":"00000000-0000-001e-ffff-ffff00000134"}[39m
[35m[HTTP][39m [37m<-- POST /wd/hub/session/fe48aba3-fa04-449c-967a-053b9ef74b83/element/00000000-0000-001e-ffff-ffff00000134/click [39m[32m200[39m [90m277 ms - 14[39m
[35m[HTTP][39m [90m[39m
[35m[HTTP][39m [37m-->[39m [37mPOST[39m [37m/wd/hub/session/fe48aba3-fa04-449c-967a-053b9ef74b83/timeouts[39m
[35m[HTTP][39m [90m{"implicit":50}[39m
[35m[HTTP][39m [37m<-- POST /wd/hub/session/fe48aba3-fa04-449c-967a-053b9ef74b83/timeouts [39m[32m200[39m [90m5 ms - 14[39m
[35m[HTTP][39m [90m[39m
[35m[HTTP][39m [37m-->[39m [37mGET[39m [37m/wd/hub/session/fe48aba3-fa04-449c-967a-053b9ef74b83/window/rect[39m
[35m[HTTP][39m [90m{}[39m
[35m[HTTP][39m [37m<-- GET /wd/hub/session/fe48aba3-fa04-449c-967a-053b9ef74b83/window/rect [39m[32m200[39m [90m122 ms - 50[39m
[35m[HTTP][39m [90m[39m
[35m[HTTP][39m [37m-->[39m [37mPOST[39m [37m/wd/hub/session/fe48aba3-fa04-449c-967a-053b9ef74b83/elements[39m
[35m[HTTP][39m [90m{"using":"xpath","value":"//*[@class = 'android.widget.EditText' and (@text = '1' or . = '1')]"}[39m
[35m[HTTP][39m [37m<-- POST /wd/hub/session/fe48aba3-fa04-449c-967a-053b9ef74b83/elements [39m[32m200[39m [90m5215 ms - 12[39m
[35m[HTTP][39m [90m[39m
[35m[HTTP][39m [37m-->[39m [37mPOST[39m [37m/wd/hub/session/fe48aba3-fa04-449c-967a-053b9ef74b83/elements[39m
[35m[HTTP][39m [90m{"using":"xpath","value":"//*[@class = 'android.widget.EditText' and (@text = '1' or . = '1')]"}[39m
[35m[HTTP][39m [37m<-- POST /wd/hub/session/fe48aba3-fa04-449c-967a-053b9ef74b83/elements [39m[32m200[39m [90m1536 ms - 139[39m
[35m[HTTP][39m [90m[39m
[35m[HTTP][39m [37m-->[39m [37mGET[39m [37m/wd/hub/session/fe48aba3-fa04-449c-967a-053b9ef74b83/element/00000000-0000-001e-ffff-ffff0000016c/location[39m
[35m[HTTP][39m [90m{}[39m
[35m[W3C (fe48aba3)][39m Driver proxy active, passing request on via HTTP proxy
[35m[WD Proxy][39m Replacing sessionId 754379f3-ccff-4116-977b-72bd65542108 with fe48aba3-fa04-449c-967a-053b9ef74b83
[35m[HTTP][39m [37m<-- GET /wd/hub/session/fe48aba3-fa04-449c-967a-053b9ef74b83/element/00000000-0000-001e-ffff-ffff0000016c/location [39m[32m200[39m [90m210 ms - 79[39m
[35m[HTTP][39m [90m[39m
[35m[HTTP][39m [37m-->[39m [37mPOST[39m [37m/wd/hub/session/fe48aba3-fa04-449c-967a-053b9ef74b83/timeouts[39m
[35m[HTTP][39m [90m{"implicit":30000}[39m
[35m[HTTP][39m [37m<-- POST /wd/hub/session/fe48aba3-fa04-449c-967a-053b9ef74b83/timeouts [39m[32m200[39m [90m4 ms - 14[39m
[35m[HTTP][39m [90m[39m
[35m[HTTP][39m [37m-->[39m [37mPOST[39m [37m/wd/hub/session/fe48aba3-fa04-449c-967a-053b9ef74b83/element/00000000-0000-001e-ffff-ffff0000016c/clear[39m
[35m[HTTP][39m [90m{"id":"00000000-0000-001e-ffff-ffff0000016c"}[39m
[35m[HTTP][39m [37m<-- POST /wd/hub/session/fe48aba3-fa04-449c-967a-053b9ef74b83/element/00000000-0000-001e-ffff-ffff0000016c/clear [39m[32m200[39m [90m171 ms - 14[39m
[35m[HTTP][39m [90m[39m
[35m[HTTP][39m [37m-->[39m [37mPOST[39m [37m/wd/hub/session/fe48aba3-fa04-449c-967a-053b9ef74b83/timeouts[39m
[35m[HTTP][39m [90m{"implicit":50}[39m
[35m[HTTP][39m [37m<-- POST /wd/hub/session/fe48aba3-fa04-449c-967a-053b9ef74b83/timeouts [39m[32m200[39m [90m6 ms - 14[39m
[35m[HTTP][39m [90m[39m
[35m[HTTP][39m [37m-->[39m [37mGET[39m [37m/wd/hub/session/fe48aba3-fa04-449c-967a-053b9ef74b83/window/rect[39m
[35m[HTTP][39m [90m{}[39m
[35m[HTTP][39m [37m<-- GET /wd/hub/session/fe48aba3-fa04-449c-967a-053b9ef74b83/window/rect [39m[32m200[39m [90m76 ms - 50[39m
[35m[HTTP][39m [90m[39m
[35m[HTTP][39m [37m-->[39m [37mPOST[39m [37m/wd/hub/session/fe48aba3-fa04-449c-967a-053b9ef74b83/elements[39m
[35m[HTTP][39m [90m{"using":"xpath","value":"//*[@class = 'android.widget.EditText' and (@text = '' or . = '')]"}[39m
[35m[HTTP][39m [37m<-- POST /wd/hub/session/fe48aba3-fa04-449c-967a-053b9ef74b83/elements [39m[32m200[39m [90m1355 ms - 139[39m
[35m[HTTP][39m [90m[39m
[35m[HTTP][39m [37m-->[39m [37mGET[39m [37m/wd/hub/session/fe48aba3-fa04-449c-967a-053b9ef74b83/element/00000000-0000-001e-ffff-ffff0000016c/location[39m
[35m[HTTP][39m [90m{}[39m
[35m[W3C (fe48aba3)][39m Driver proxy active, passing request on via HTTP proxy
[35m[WD Proxy][39m Replacing sessionId 754379f3-ccff-4116-977b-72bd65542108 with fe48aba3-fa04-449c-967a-053b9ef74b83
[35m[HTTP][39m [37m<-- GET /wd/hub/session/fe48aba3-fa04-449c-967a-053b9ef74b83/element/00000000-0000-001e-ffff-ffff0000016c/location [39m[32m200[39m [90m175 ms - 79[39m
[35m[HTTP][39m [90m[39m
[35m[HTTP][39m [37m-->[39m [37mPOST[39m [37m/wd/hub/session/fe48aba3-fa04-449c-967a-053b9ef74b83/timeouts[39m
[35m[HTTP][39m [90m{"implicit":30000}[39m
[35m[HTTP][39m [37m<-- POST /wd/hub/session/fe48aba3-fa04-449c-967a-053b9ef74b83/timeouts [39m[32m200[39m [90m5 ms - 14[39m
[35m[HTTP][39m [90m[39m
[35m[HTTP][39m [37m-->[39m [37mPOST[39m [37m/wd/hub/session/fe48aba3-fa04-449c-967a-053b9ef74b83/element/00000000-0000-001e-ffff-ffff0000016c/clear[39m
[35m[HTTP][39m [90m{"id":"00000000-0000-001e-ffff-ffff0000016c"}[39m
[35m[HTTP][39m [37m<-- POST /wd/hub/session/fe48aba3-fa04-449c-967a-053b9ef74b83/element/00000000-0000-001e-ffff-ffff0000016c/clear [39m[32m200[39m [90m167 ms - 14[39m
[35m[HTTP][39m [90m[39m
[35m[HTTP][39m [37m-->[39m [37mPOST[39m [37m/wd/hub/session/fe48aba3-fa04-449c-967a-053b9ef74b83/element/00000000-0000-001e-ffff-ffff0000016c/value[39m
[35m[HTTP][39m [90m{"id":"00000000-0000-001e-ffff-ffff0000016c","text":"5","value":["5"]}[39m
[35m[HTTP][39m [37m<-- POST /wd/hub/session/fe48aba3-fa04-449c-967a-053b9ef74b83/element/00000000-0000-001e-ffff-ffff0000016c/value [39m[32m200[39m [90m579 ms - 14[39m
[35m[HTTP][39m [90m[39m
[35m[HTTP][39m [37m-->[39m [37mPOST[39m [37m/wd/hub/session/fe48aba3-fa04-449c-967a-053b9ef74b83/timeouts[39m
[35m[HTTP][39m [90m{"implicit":50}[39m
[35m[HTTP][39m [37m<-- POST /wd/hub/session/fe48aba3-fa04-449c-967a-053b9ef74b83/timeouts [39m[32m200[39m [90m5 ms - 14[39m
[35m[HTTP][39m [90m[39m
[35m[HTTP][39m [37m-->[39m [37mGET[39m [37m/wd/hub/session/fe48aba3-fa04-449c-967a-053b9ef74b83/window/rect[39m
[35m[HTTP][39m [90m{}[39m
[35m[HTTP][39m [37m<-- GET /wd/hub/session/fe48aba3-fa04-449c-967a-053b9ef74b83/window/rect [39m[32m200[39m [90m108 ms - 50[39m
[35m[HTTP][39m [90m[39m
[35m[HTTP][39m [37m-->[39m [37mPOST[39m [37m/wd/hub/session/fe48aba3-fa04-449c-967a-053b9ef74b83/elements[39m
[35m[HTTP][39m [90m{"using":"xpath","value":"//*[@class = 'android.widget.TextView' and (@text = 'Add to Bag' or . = 'Add to Bag')]"}[39m
[35m[HTTP][39m [37m<-- POST /wd/hub/session/fe48aba3-fa04-449c-967a-053b9ef74b83/elements [39m[32m200[39m [90m1041 ms - 139[39m
[35m[HTTP][39m [90m[39m
[35m[HTTP][39m [37m-->[39m [37mGET[39m [37m/wd/hub/session/fe48aba3-fa04-449c-967a-053b9ef74b83/element/00000000-0000-001e-ffff-ffff0000016e/location[39m
[35m[HTTP][39m [90m{}[39m
[35m[W3C (fe48aba3)][39m Driver proxy active, passing request on via HTTP proxy
[35m[WD Proxy][39m Replacing sessionId 754379f3-ccff-4116-977b-72bd65542108 with fe48aba3-fa04-449c-967a-053b9ef74b83
[35m[HTTP][39m [37m<-- GET /wd/hub/session/fe48aba3-fa04-449c-967a-053b9ef74b83/element/00000000-0000-001e-ffff-ffff0000016e/location [39m[32m200[39m [90m91 ms - 78[39m
[35m[HTTP][39m [90m[39m
[35m[HTTP][39m [37m-->[39m [37mPOST[39m [37m/wd/hub/session/fe48aba3-fa04-449c-967a-053b9ef74b83/timeouts[39m
[35m[HTTP][39m [90m{"implicit":30000}[39m
[35m[HTTP][39m [37m<-- POST /wd/hub/session/fe48aba3-fa04-449c-967a-053b9ef74b83/timeouts [39m[32m200[39m [90m5 ms - 14[39m
[35m[HTTP][39m [90m[39m
[35m[HTTP][39m [37m-->[39m [37mPOST[39m [37m/wd/hub/session/fe48aba3-fa04-449c-967a-053b9ef74b83/element/00000000-0000-001e-ffff-ffff0000016e/click[39m
[35m[HTTP][39m [90m{"id":"00000000-0000-001e-ffff-ffff0000016e"}[39m
[35m[HTTP][39m [37m<-- POST /wd/hub/session/fe48aba3-fa04-449c-967a-053b9ef74b83/element/00000000-0000-001e-ffff-ffff0000016e/click [39m[32m200[39m [90m175 ms - 14[39m
[35m[HTTP][39m [90m[39m
[35m[HTTP][39m [37m-->[39m [37mPOST[39m [37m/wd/hub/session/fe48aba3-fa04-449c-967a-053b9ef74b83/timeouts[39m
[35m[HTTP][39m [90m{"implicit":50}[39m
[35m[HTTP][39m [37m<-- POST /wd/hub/session/fe48aba3-fa04-449c-967a-053b9ef74b83/timeouts [39m[32m200[39m [90m14 ms - 14[39m
[35m[HTTP][39m [90m[39m
[35m[HTTP][39m [37m-->[39m [37mGET[39m [37m/wd/hub/session/fe48aba3-fa04-449c-967a-053b9ef74b83/window/rect[39m
[35m[HTTP][39m [90m{}[39m
[35m[HTTP][39m [37m<-- GET /wd/hub/session/fe48aba3-fa04-449c-967a-053b9ef74b83/window/rect [39m[32m200[39m [90m53 ms - 50[39m
[35m[HTTP][39m [90m[39m
[35m[HTTP][39m [37m-->[39m [37mPOST[39m [37m/wd/hub/session/fe48aba3-fa04-449c-967a-053b9ef74b83/elements[39m
[35m[HTTP][39m [90m{"using":"xpath","value":"//hierarchy/android.widget.FrameLayout[1]/android.widget.LinearLayout[1]/android.widget.FrameLayout[1]/android.widget.LinearLayout[1]/android.widget.FrameLayout[1]/android.widget.FrameLayout[1]/android.view.ViewGroup[1]/android.view.ViewGroup[2]/android.view.ViewGroup[2]/android.view.ViewGroup[3]/android.widget.ImageView[1]"}[39m
[35m[HTTP][39m [37m<-- POST /wd/hub/session/fe48aba3-fa04-449c-967a-053b9ef74b83/elements [39m[32m200[39m [90m1186 ms - 139[39m
[35m[HTTP][39m [90m[39m
[35m[HTTP][39m [37m-->[39m [37mGET[39m [37m/wd/hub/session/fe48aba3-fa04-449c-967a-053b9ef74b83/element/00000000-0000-001e-ffff-ffff0000002c/location[39m
[35m[HTTP][39m [90m{}[39m
[35m[W3C (fe48aba3)][39m Driver proxy active, passing request on via HTTP proxy
[35m[WD Proxy][39m Replacing sessionId 754379f3-ccff-4116-977b-72bd65542108 with fe48aba3-fa04-449c-967a-053b9ef74b83
[35m[HTTP][39m [37m<-- GET /wd/hub/session/fe48aba3-fa04-449c-967a-053b9ef74b83/element/00000000-0000-001e-ffff-ffff0000002c/location [39m[32m200[39m [90m292 ms - 79[39m
[35m[HTTP][39m [90m[39m
[35m[HTTP][39m [37m-->[39m [37mPOST[39m [37m/wd/hub/session/fe48aba3-fa04-449c-967a-053b9ef74b83/timeouts[39m
[35m[HTTP][39m [90m{"implicit":30000}[39m
[35m[HTTP][39m [37m<-- POST /wd/hub/session/fe48aba3-fa04-449c-967a-053b9ef74b83/timeouts [39m[32m200[39m [90m9 ms - 14[39m
[35m[HTTP][39m [90m[39m
[35m[HTTP][39m [37m-->[39m [37mPOST[39m [37m/wd/hub/session/fe48aba3-fa04-449c-967a-053b9ef74b83/element/00000000-0000-001e-ffff-ffff0000002c/click[39m
[35m[HTTP][39m [90m{"id":"00000000-0000-001e-ffff-ffff0000002c"}[39m
[35m[HTTP][39m [37m<-- POST /wd/hub/session/fe48aba3-fa04-449c-967a-053b9ef74b83/element/00000000-0000-001e-ffff-ffff0000002c/click [39m[32m200[39m [90m961 ms - 14[39m
[35m[HTTP][39m [90m[39m
[35m[HTTP][39m [37m-->[39m [37mPOST[39m [37m/wd/hub/session/fe48aba3-fa04-449c-967a-053b9ef74b83/timeouts[39m
[35m[HTTP][39m [90m{"implicit":50}[39m
[35m[HTTP][39m [37m<-- POST /wd/hub/session/fe48aba3-fa04-449c-967a-053b9ef74b83/timeouts [39m[32m200[39m [90m2 ms - 14[39m
[35m[HTTP][39m [90m[39m
[35m[HTTP][39m [37m-->[39m [37mGET[39m [37m/wd/hub/session/fe48aba3-fa04-449c-967a-053b9ef74b83/window/rect[39m
[35m[HTTP][39m [90m{}[39m
[35m[HTTP][39m [37m<-- GET /wd/hub/session/fe48aba3-fa04-449c-967a-053b9ef74b83/window/rect [39m[32m200[39m [90m69 ms - 50[39m
[35m[HTTP][39m [90m[39m
[35m[HTTP][39m [37m-->[39m [37mPOST[39m [37m/wd/hub/session/fe48aba3-fa04-449c-967a-053b9ef74b83/elements[39m
[35m[HTTP][39m [90m{"using":"xpath","value":"//*[@class = 'android.widget.TextView' and (@text = 'Promo -  Palabok Pack' or . = 'Promo -  Palabok Pack')]"}[39m
[35m[HTTP][39m [37m<-- POST /wd/hub/session/fe48aba3-fa04-449c-967a-053b9ef74b83/elements [39m[32m200[39m [90m837 ms - 139[39m
[35m[HTTP][39m [90m[39m
[35m[HTTP][39m [37m-->[39m [37mGET[39m [37m/wd/hub/session/fe48aba3-fa04-449c-967a-053b9ef74b83/element/00000000-0000-001e-ffff-ffff00000185/location[39m
[35m[HTTP][39m [90m{}[39m
[35m[W3C (fe48aba3)][39m Driver proxy active, passing request on via HTTP proxy
[35m[WD Proxy][39m Replacing sessionId 754379f3-ccff-4116-977b-72bd65542108 with fe48aba3-fa04-449c-967a-053b9ef74b83
[35m[HTTP][39m [37m<-- GET /wd/hub/session/fe48aba3-fa04-449c-967a-053b9ef74b83/element/00000000-0000-001e-ffff-ffff00000185/location [39m[32m200[39m [90m85 ms - 78[39m
[35m[HTTP][39m [90m[39m
[35m[HTTP][39m [37m-->[39m [37mPOST[39m [37m/wd/hub/session/fe48aba3-fa04-449c-967a-053b9ef74b83/timeouts[39m
[35m[HTTP][39m [90m{"implicit":30000}[39m
[35m[HTTP][39m [37m<-- POST /wd/hub/session/fe48aba3-fa04-449c-967a-053b9ef74b83/timeouts [39m[32m200[39m [90m3 ms - 14[39m
[35m[HTTP][39m [90m[39m
[35m[HTTP][39m [37m-->[39m [37mGET[39m [37m/wd/hub/session/fe48aba3-fa04-449c-967a-053b9ef74b83/element/00000000-0000-001e-ffff-ffff00000185/text[39m
[35m[HTTP][39m [90m{}[39m
[35m[W3C (fe48aba3)][39m Driver proxy active, passing request on via HTTP proxy
[35m[WD Proxy][39m Replacing sessionId 754379f3-ccff-4116-977b-72bd65542108 with fe48aba3-fa04-449c-967a-053b9ef74b83
[35m[HTTP][39m [37m<-- GET /wd/hub/session/fe48aba3-fa04-449c-967a-053b9ef74b83/element/00000000-0000-001e-ffff-ffff00000185/text [39m[32m200[39m [90m86 ms - 84[39m
[35m[HTTP][39m [90m[39m
[35m[HTTP][39m [37m-->[39m [37mPOST[39m [37m/wd/hub/session/fe48aba3-fa04-449c-967a-053b9ef74b83/timeouts[39m
[35m[HTTP][39m [90m{"implicit":50}[39m
[35m[HTTP][39m [37m<-- POST /wd/hub/session/fe48aba3-fa04-449c-967a-053b9ef74b83/timeouts [39m[32m200[39m [90m8 ms - 14[39m
[35m[HTTP][39m [90m[39m
[35m[HTTP][39m [37m-->[39m [37mGET[39m [37m/wd/hub/session/fe48aba3-fa04-449c-967a-053b9ef74b83/window/rect[39m
[35m[HTTP][39m [90m{}[39m
[35m[HTTP][39m [37m<-- GET /wd/hub/session/fe48aba3-fa04-449c-967a-053b9ef74b83/window/rect [39m[32m200[39m [90m87 ms - 50[39m
[35m[HTTP][39m [90m[39m
[35m[HTTP][39m [37m-->[39m [37mPOST[39m [37m/wd/hub/session/fe48aba3-fa04-449c-967a-053b9ef74b83/elements[39m
[35m[HTTP][39m [90m{"using":"xpath","value":"//*[@class = 'android.widget.TextView' and (@text = 'Checkout' or . = 'Checkout')]"}[39m
[35m[HTTP][39m [37m<-- POST /wd/hub/session/fe48aba3-fa04-449c-967a-053b9ef74b83/elements [39m[32m200[39m [90m687 ms - 139[39m
[35m[HTTP][39m [90m[39m
[35m[HTTP][39m [37m-->[39m [37mGET[39m [37m/wd/hub/session/fe48aba3-fa04-449c-967a-053b9ef74b83/element/00000000-0000-001e-ffff-ffff0000018c/location[39m
[35m[HTTP][39m [90m{}[39m
[35m[W3C (fe48aba3)][39m Driver proxy active, passing request on via HTTP proxy
[35m[WD Proxy][39m Replacing sessionId 754379f3-ccff-4116-977b-72bd65542108 with fe48aba3-fa04-449c-967a-053b9ef74b83
[35m[HTTP][39m [37m<-- GET /wd/hub/session/fe48aba3-fa04-449c-967a-053b9ef74b83/element/00000000-0000-001e-ffff-ffff0000018c/location [39m[32m200[39m [90m93 ms - 78[39m
[35m[HTTP][39m [90m[39m
[35m[HTTP][39m [37m-->[39m [37mPOST[39m [37m/wd/hub/session/fe48aba3-fa04-449c-967a-053b9ef74b83/timeouts[39m
[35m[HTTP][39m [90m{"implicit":30000}[39m
[35m[HTTP][39m [37m<-- POST /wd/hub/session/fe48aba3-fa04-449c-967a-053b9ef74b83/timeouts [39m[32m200[39m [90m10 ms - 14[39m
[35m[HTTP][39m [90m[39m
[35m[HTTP][39m [37m-->[39m [37mPOST[39m [37m/wd/hub/session/fe48aba3-fa04-449c-967a-053b9ef74b83/element/00000000-0000-001e-ffff-ffff0000018c/click[39m
[35m[HTTP][39m [90m{"id":"00000000-0000-001e-ffff-ffff0000018c"}[39m
[35m[HTTP][39m [37m<-- POST /wd/hub/session/fe48aba3-fa04-449c-967a-053b9ef74b83/element/00000000-0000-001e-ffff-ffff0000018c/click [39m[32m200[39m [90m162 ms - 14[39m
[35m[HTTP][39m [90m[39m
[35m[HTTP][39m [37m-->[39m [37mPOST[39m [37m/wd/hub/session/fe48aba3-fa04-449c-967a-053b9ef74b83/timeouts[39m
[35m[HTTP][39m [90m{"implicit":50}[39m
[35m[HTTP][39m [37m<-- POST /wd/hub/session/fe48aba3-fa04-449c-967a-053b9ef74b83/timeouts [39m[32m200[39m [90m4 ms - 14[39m
[35m[HTTP][39m [90m[39m
[35m[HTTP][39m [37m-->[39m [37mGET[39m [37m/wd/hub/session/fe48aba3-fa04-449c-967a-053b9ef74b83/window/rect[39m
[35m[HTTP][39m [90m{}[39m
[35m[HTTP][39m [37m<-- GET /wd/hub/session/fe48aba3-fa04-449c-967a-053b9ef74b83/window/rect [39m[32m200[39m [90m109 ms - 50[39m
[35m[HTTP][39m [90m[39m
[35m[HTTP][39m [37m-->[39m [37mPOST[39m [37m/wd/hub/session/fe48aba3-fa04-449c-967a-053b9ef74b83/elements[39m
[35m[HTTP][39m [90m{"using":"xpath","value":"//*[@class = 'android.widget.EditText' and (@text = 'https://www.happydayshopping.com/products/cart' or . = 'https://www.happydayshopping.com/products/cart') and @resource-id = 'com.android.chrome:id/url_bar']"}[39m
[35m[HTTP][39m [37m<-- POST /wd/hub/session/fe48aba3-fa04-449c-967a-053b9ef74b83/elements [39m[32m200[39m [90m975 ms - 12[39m
[35m[HTTP][39m [90m[39m
[35m[HTTP][39m [37m-->[39m [37mPOST[39m [37m/wd/hub/session/fe48aba3-fa04-449c-967a-053b9ef74b83/elements[39m
[35m[HTTP][39m [90m{"using":"xpath","value":"//*[@class = 'android.widget.EditText' and (@text = 'https://www.happydayshopping.com/products/cart' or . = 'https://www.happydayshopping.com/products/cart') and @resource-id = 'com.android.chrome:id/url_bar']"}[39m
[35m[HTTP][39m [37m<-- POST /wd/hub/session/fe48aba3-fa04-449c-967a-053b9ef74b83/elements [39m[32m200[39m [90m757 ms - 12[39m
[35m[HTTP][39m [90m[39m
[35m[HTTP][39m [37m-->[39m [37mPOST[39m [37m/wd/hub/session/fe48aba3-fa04-449c-967a-053b9ef74b83/elements[39m
[35m[HTTP][39m [90m{"using":"xpath","value":"//*[@class = 'android.widget.EditText' and (@text = 'https://www.happydayshopping.com/products/cart' or . = 'https://www.happydayshopping.com/products/cart') and @resource-id = 'com.android.chrome:id/url_bar']"}[39m
[35m[HTTP][39m [37m<-- POST /wd/hub/session/fe48aba3-fa04-449c-967a-053b9ef74b83/elements [39m[32m200[39m [90m645 ms - 12[39m
[35m[HTTP][39m [90m[39m
[35m[HTTP][39m [37m-->[39m [37mPOST[39m [37m/wd/hub/session/fe48aba3-fa04-449c-967a-053b9ef74b83/elements[39m
[35m[HTTP][39m [90m{"using":"xpath","value":"//*[@class = 'android.widget.EditText' and (@text = 'https://www.happydayshopping.com/products/cart' or . = 'https://www.happydayshopping.com/products/cart') and @resource-id = 'com.android.chrome:id/url_bar']"}[39m
[35m[HTTP][39m [37m<-- POST /wd/hub/session/fe48aba3-fa04-449c-967a-053b9ef74b83/elements [39m[32m200[39m [90m738 ms - 12[39m
[35m[HTTP][39m [90m[39m
[35m[HTTP][39m [37m-->[39m [37mPOST[39m [37m/wd/hub/session/fe48aba3-fa04-449c-967a-053b9ef74b83/elements[39m
[35m[HTTP][39m [90m{"using":"xpath","value":"//*[@class = 'android.widget.EditText' and (@text = 'https://www.happydayshopping.com/products/cart' or . = 'https://www.happydayshopping.com/products/cart') and @resource-id = 'com.android.chrome:id/url_bar']"}[39m
[35m[HTTP][39m [37m<-- POST /wd/hub/session/fe48aba3-fa04-449c-967a-053b9ef74b83/elements [39m[32m200[39m [90m883 ms - 12[39m
[35m[HTTP][39m [90m[39m
[35m[HTTP][39m [37m-->[39m [37mPOST[39m [37m/wd/hub/session/fe48aba3-fa04-449c-967a-053b9ef74b83/elements[39m
[35m[HTTP][39m [90m{"using":"xpath","value":"//*[@class = 'android.widget.EditText' and (@text = 'https://www.happydayshopping.com/products/cart' or . = 'https://www.happydayshopping.com/products/cart') and @resource-id = 'com.android.chrome:id/url_bar']"}[39m
[35m[HTTP][39m [37m<-- POST /wd/hub/session/fe48aba3-fa04-449c-967a-053b9ef74b83/elements [39m[32m200[39m [90m788 ms - 12[39m
[35m[HTTP][39m [90m[39m
[35m[HTTP][39m [37m-->[39m [37mPOST[39m [37m/wd/hub/session/fe48aba3-fa04-449c-967a-053b9ef74b83/elements[39m
[35m[HTTP][39m [90m{"using":"xpath","value":"//*[@class = 'android.widget.EditText' and (@text = 'https://www.happydayshopping.com/products/cart' or . = 'https://www.happydayshopping.com/products/cart') and @resource-id = 'com.android.chrome:id/url_bar']"}[39m
[35m[HTTP][39m [37m<-- POST /wd/hub/session/fe48aba3-fa04-449c-967a-053b9ef74b83/elements [39m[32m200[39m [90m630 ms - 12[39m
[35m[HTTP][39m [90m[39m
[35m[HTTP][39m [37m-->[39m [37mPOST[39m [37m/wd/hub/session/fe48aba3-fa04-449c-967a-053b9ef74b83/elements[39m
[35m[HTTP][39m [90m{"using":"xpath","value":"//*[@class = 'android.widget.EditText' and (@text = 'https://www.happydayshopping.com/products/cart' or . = 'https://www.happydayshopping.com/products/cart') and @resource-id = 'com.android.chrome:id/url_bar']"}[39m
[35m[HTTP][39m [37m<-- POST /wd/hub/session/fe48aba3-fa04-449c-967a-053b9ef74b83/elements [39m[32m200[39m [90m1102 ms - 12[39m
[35m[HTTP][39m [90m[39m
[35m[HTTP][39m [37m-->[39m [37mPOST[39m [37m/wd/hub/session/fe48aba3-fa04-449c-967a-053b9ef74b83/elements[39m
[35m[HTTP][39m [90m{"using":"xpath","value":"//*[@class = 'android.widget.EditText' and (@text = 'https://www.happydayshopping.com/products/cart' or . = 'https://www.happydayshopping.com/products/cart') and @resource-id = 'com.android.chrome:id/url_bar']"}[39m
[35m[HTTP][39m [37m<-- POST /wd/hub/session/fe48aba3-fa04-449c-967a-053b9ef74b83/elements [39m[32m200[39m [90m264 ms - 12[39m
[35m[HTTP][39m [90m[39m
[35m[HTTP][39m [37m-->[39m [37mPOST[39m [37m/wd/hub/session/fe48aba3-fa04-449c-967a-053b9ef74b83/elements[39m
[35m[HTTP][39m [90m{"using":"xpath","value":"//*[@class = 'android.widget.EditText' and (@text = 'https://www.happydayshopping.com/products/cart' or . = 'https://www.happydayshopping.com/products/cart') and @resource-id = 'com.android.chrome:id/url_bar']"}[39m
[35m[HTTP][39m [37m<-- POST /wd/hub/session/fe48aba3-fa04-449c-967a-053b9ef74b83/elements [39m[32m200[39m [90m661 ms - 12[39m
[35m[HTTP][39m [90m[39m
[35m[HTTP][39m [37m-->[39m [37mPOST[39m [37m/wd/hub/session/fe48aba3-fa04-449c-967a-053b9ef74b83/elements[39m
[35m[HTTP][39m [90m{"using":"xpath","value":"//*[@class = 'android.widget.EditText' and (@text = 'https://www.happydayshopping.com/products/cart' or . = 'https://www.happydayshopping.com/products/cart') and @resource-id = 'com.android.chrome:id/url_bar']"}[39m
[35m[HTTP][39m [37m<-- POST /wd/hub/session/fe48aba3-fa04-449c-967a-053b9ef74b83/elements [39m[32m200[39m [90m387 ms - 12[39m
[35m[HTTP][39m [90m[39m
[35m[HTTP][39m [37m-->[39m [37mPOST[39m [37m/wd/hub/session/fe48aba3-fa04-449c-967a-053b9ef74b83/elements[39m
[35m[HTTP][39m [90m{"using":"xpath","value":"//*[@class = 'android.widget.EditText' and (@text = 'https://www.happydayshopping.com/products/cart' or . = 'https://www.happydayshopping.com/products/cart') and @resource-id = 'com.android.chrome:id/url_bar']"}[39m
[35m[HTTP][39m [37m<-- POST /wd/hub/session/fe48aba3-fa04-449c-967a-053b9ef74b83/elements [39m[32m200[39m [90m173 ms - 12[39m
[35m[HTTP][39m [90m[39m
[35m[HTTP][39m [37m-->[39m [37mPOST[39m [37m/wd/hub/session/fe48aba3-fa04-449c-967a-053b9ef74b83/elements[39m
[35m[HTTP][39m [90m{"using":"xpath","value":"//*[@class = 'android.widget.EditText' and (@text = 'https://www.happydayshopping.com/products/cart' or . = 'https://www.happydayshopping.com/products/cart') and @resource-id = 'com.android.chrome:id/url_bar']"}[39m
[35m[HTTP][39m [37m<-- POST /wd/hub/session/fe48aba3-fa04-449c-967a-053b9ef74b83/elements [39m[32m200[39m [90m241 ms - 12[39m
[35m[HTTP][39m [90m[39m
[35m[HTTP][39m [37m-->[39m [37mPOST[39m [37m/wd/hub/session/fe48aba3-fa04-449c-967a-053b9ef74b83/elements[39m
[35m[HTTP][39m [90m{"using":"xpath","value":"//*[@class = 'android.widget.EditText' and (@text = 'https://www.happydayshopping.com/products/cart' or . = 'https://www.happydayshopping.com/products/cart') and @resource-id = 'com.android.chrome:id/url_bar']"}[39m
[35m[HTTP][39m [37m<-- POST /wd/hub/session/fe48aba3-fa04-449c-967a-053b9ef74b83/elements [39m[32m200[39m [90m231 ms - 12[39m
[35m[HTTP][39m [90m[39m
[35m[HTTP][39m [37m-->[39m [37mPOST[39m [37m/wd/hub/session/fe48aba3-fa04-449c-967a-053b9ef74b83/elements[39m
[35m[HTTP][39m [90m{"using":"xpath","value":"//*[@class = 'android.widget.EditText' and (@text = 'https://www.happydayshopping.com/products/cart' or . = 'https://www.happydayshopping.com/products/cart') and @resource-id = 'com.android.chrome:id/url_bar']"}[39m
[35m[HTTP][39m [37m<-- POST /wd/hub/session/fe48aba3-fa04-449c-967a-053b9ef74b83/elements [39m[32m200[39m [90m162 ms - 12[39m
[35m[HTTP][39m [90m[39m
[35m[HTTP][39m [37m-->[39m [37mPOST[39m [37m/wd/hub/session/fe48aba3-fa04-449c-967a-053b9ef74b83/elements[39m
[35m[HTTP][39m [90m{"using":"xpath","value":"//*[@class = 'android.widget.EditText' and (@text = 'https://www.happydayshopping.com/products/cart' or . = 'https://www.happydayshopping.com/products/cart') and @resource-id = 'com.android.chrome:id/url_bar']"}[39m
[35m[HTTP][39m [37m<-- POST /wd/hub/session/fe48aba3-fa04-449c-967a-053b9ef74b83/elements [39m[32m200[39m [90m112 ms - 12[39m
[35m[HTTP][39m [90m[39m
[35m[HTTP][39m [37m-->[39m [37mPOST[39m [37m/wd/hub/session/fe48aba3-fa04-449c-967a-053b9ef74b83/elements[39m
[35m[HTTP][39m [90m{"using":"xpath","value":"//*[@class = 'android.widget.EditText' and (@text = 'https://www.happydayshopping.com/products/cart' or . = 'https://www.happydayshopping.com/products/cart') and @resource-id = 'com.android.chrome:id/url_bar']"}[39m
[35m[HTTP][39m [37m<-- POST /wd/hub/session/fe48aba3-fa04-449c-967a-053b9ef74b83/elements [39m[32m200[39m [90m92 ms - 12[39m
[35m[HTTP][39m [90m[39m
[35m[HTTP][39m [37m-->[39m [37mPOST[39m [37m/wd/hub/session/fe48aba3-fa04-449c-967a-053b9ef74b83/elements[39m
[35m[HTTP][39m [90m{"using":"xpath","value":"//*[@class = 'android.widget.EditText' and (@text = 'https://www.happydayshopping.com/products/cart' or . = 'https://www.happydayshopping.com/products/cart') and @resource-id = 'com.android.chrome:id/url_bar']"}[39m
[35m[HTTP][39m [37m<-- POST /wd/hub/session/fe48aba3-fa04-449c-967a-053b9ef74b83/elements [39m[32m200[39m [90m70 ms - 12[39m
[35m[HTTP][39m [90m[39m
[35m[HTTP][39m [37m-->[39m [37mPOST[39m [37m/wd/hub/session/fe48aba3-fa04-449c-967a-053b9ef74b83/elements[39m
[35m[HTTP][39m [90m{"using":"xpath","value":"//*[@class = 'android.widget.EditText' and (@text = 'https://www.happydayshopping.com/products/cart' or . = 'https://www.happydayshopping.com/products/cart') and @resource-id = 'com.android.chrome:id/url_bar']"}[39m
[35m[HTTP][39m [37m<-- POST /wd/hub/session/fe48aba3-fa04-449c-967a-053b9ef74b83/elements [39m[32m200[39m [90m70 ms - 12[39m
[35m[HTTP][39m [90m[39m
[35m[HTTP][39m [37m-->[39m [37mPOST[39m [37m/wd/hub/session/fe48aba3-fa04-449c-967a-053b9ef74b83/elements[39m
[35m[HTTP][39m [90m{"using":"xpath","value":"//*[@class = 'android.widget.EditText' and (@text = 'https://www.happydayshopping.com/products/cart' or . = 'https://www.happydayshopping.com/products/cart') and @resource-id = 'com.android.chrome:id/url_bar']"}[39m
[35m[HTTP][39m [37m<-- POST /wd/hub/session/fe48aba3-fa04-449c-967a-053b9ef74b83/elements [39m[32m200[39m [90m75 ms - 12[39m
[35m[HTTP][39m [90m[39m
[35m[HTTP][39m [37m-->[39m [37mPOST[39m [37m/wd/hub/session/fe48aba3-fa04-449c-967a-053b9ef74b83/elements[39m
[35m[HTTP][39m [90m{"using":"xpath","value":"//*[@class = 'android.widget.EditText' and (@text = 'https://www.happydayshopping.com/products/cart' or . = 'https://www.happydayshopping.com/products/cart') and @resource-id = 'com.android.chrome:id/url_bar']"}[39m
[35m[HTTP][39m [37m<-- POST /wd/hub/session/fe48aba3-fa04-449c-967a-053b9ef74b83/elements [39m[32m200[39m [90m95 ms - 12[39m
[35m[HTTP][39m [90m[39m
[35m[HTTP][39m [37m-->[39m [37mPOST[39m [37m/wd/hub/session/fe48aba3-fa04-449c-967a-053b9ef74b83/elements[39m
[35m[HTTP][39m [90m{"using":"xpath","value":"//*[@class = 'android.widget.EditText' and (@text = 'https://www.happydayshopping.com/products/cart' or . = 'https://www.happydayshopping.com/products/cart') and @resource-id = 'com.android.chrome:id/url_bar']"}[39m
[35m[HTTP][39m [37m<-- POST /wd/hub/session/fe48aba3-fa04-449c-967a-053b9ef74b83/elements [39m[32m200[39m [90m87 ms - 12[39m
[35m[HTTP][39m [90m[39m
[35m[HTTP][39m [37m-->[39m [37mPOST[39m [37m/wd/hub/session/fe48aba3-fa04-449c-967a-053b9ef74b83/elements[39m
[35m[HTTP][39m [90m{"using":"xpath","value":"//*[@class = 'android.widget.EditText' and (@text = 'https://www.happydayshopping.com/products/cart' or . = 'https://www.happydayshopping.com/products/cart') and @resource-id = 'com.android.chrome:id/url_bar']"}[39m
[35m[HTTP][39m [37m<-- POST /wd/hub/session/fe48aba3-fa04-449c-967a-053b9ef74b83/elements [39m[32m200[39m [90m1227 ms - 12[39m
[35m[HTTP][39m [90m[39m
[35m[HTTP][39m [37m-->[39m [37mPOST[39m [37m/wd/hub/session/fe48aba3-fa04-449c-967a-053b9ef74b83/elements[39m
[35m[HTTP][39m [90m{"using":"xpath","value":"//*[@class = 'android.widget.EditText' and (@text = 'https://www.happydayshopping.com/products/cart' or . = 'https://www.happydayshopping.com/products/cart') and @resource-id = 'com.android.chrome:id/url_bar']"}[39m
[35m[HTTP][39m [37m<-- POST /wd/hub/session/fe48aba3-fa04-449c-967a-053b9ef74b83/elements [39m[32m200[39m [90m277 ms - 12[39m
[35m[HTTP][39m [90m[39m
[35m[HTTP][39m [37m-->[39m [37mPOST[39m [37m/wd/hub/session/fe48aba3-fa04-449c-967a-053b9ef74b83/elements[39m
[35m[HTTP][39m [90m{"using":"xpath","value":"//*[@class = 'android.widget.EditText' and (@text = 'https://www.happydayshopping.com/products/cart' or . = 'https://www.happydayshopping.com/products/cart') and @resource-id = 'com.android.chrome:id/url_bar']"}[39m
[35m[HTTP][39m [37m<-- POST /wd/hub/session/fe48aba3-fa04-449c-967a-053b9ef74b83/elements [39m[32m200[39m [90m73 ms - 12[39m
[35m[HTTP][39m [90m[39m
[35m[HTTP][39m [37m-->[39m [37mPOST[39m [37m/wd/hub/session/fe48aba3-fa04-449c-967a-053b9ef74b83/elements[39m
[35m[HTTP][39m [90m{"using":"xpath","value":"//*[@class = 'android.widget.EditText' and (@text = 'https://www.happydayshopping.com/products/cart' or . = 'https://www.happydayshopping.com/products/cart') and @resource-id = 'com.android.chrome:id/url_bar']"}[39m
[35m[HTTP][39m [37m<-- POST /wd/hub/session/fe48aba3-fa04-449c-967a-053b9ef74b83/elements [39m[32m200[39m [90m76 ms - 12[39m
[35m[HTTP][39m [90m[39m
[35m[HTTP][39m [37m-->[39m [37mPOST[39m [37m/wd/hub/session/fe48aba3-fa04-449c-967a-053b9ef74b83/elements[39m
[35m[HTTP][39m [90m{"using":"xpath","value":"//*[@class = 'android.widget.EditText' and (@text = 'https://www.happydayshopping.com/products/cart' or . = 'https://www.happydayshopping.com/products/cart') and @resource-id = 'com.android.chrome:id/url_bar']"}[39m
[35m[HTTP][39m [37m<-- POST /wd/hub/session/fe48aba3-fa04-449c-967a-053b9ef74b83/elements [39m[32m200[39m [90m90 ms - 12[39m
[35m[HTTP][39m [90m[39m
[35m[HTTP][39m [37m-->[39m [37mPOST[39m [37m/wd/hub/session/fe48aba3-fa04-449c-967a-053b9ef74b83/elements[39m
[35m[HTTP][39m [90m{"using":"xpath","value":"//*[@class = 'android.widget.EditText' and (@text = 'https://www.happydayshopping.com/products/cart' or . = 'https://www.happydayshopping.com/products/cart') and @resource-id = 'com.android.chrome:id/url_bar']"}[39m
[35m[HTTP][39m [37m<-- POST /wd/hub/session/fe48aba3-fa04-449c-967a-053b9ef74b83/elements [39m[32m200[39m [90m72 ms - 12[39m
[35m[HTTP][39m [90m[39m
[35m[HTTP][39m [37m-->[39m [37mPOST[39m [37m/wd/hub/session/fe48aba3-fa04-449c-967a-053b9ef74b83/elements[39m
[35m[HTTP][39m [90m{"using":"xpath","value":"//*[@class = 'android.widget.EditText' and (@text = 'https://www.happydayshopping.com/products/cart' or . = 'https://www.happydayshopping.com/products/cart') and @resource-id = 'com.android.chrome:id/url_bar']"}[39m
[35m[HTTP][39m [37m<-- POST /wd/hub/session/fe48aba3-fa04-449c-967a-053b9ef74b83/elements [39m[32m200[39m [90m73 ms - 12[39m
[35m[HTTP][39m [90m[39m
[35m[HTTP][39m [37m-->[39m [37mPOST[39m [37m/wd/hub/session/fe48aba3-fa04-449c-967a-053b9ef74b83/elements[39m
[35m[HTTP][39m [90m{"using":"xpath","value":"//*[@class = 'android.widget.EditText' and (@text = 'https://www.happydayshopping.com/products/cart' or . = 'https://www.happydayshopping.com/products/cart') and @resource-id = 'com.android.chrome:id/url_bar']"}[39m
[35m[HTTP][39m [37m<-- POST /wd/hub/session/fe48aba3-fa04-449c-967a-053b9ef74b83/elements [39m[32m200[39m [90m103 ms - 12[39m
[35m[HTTP][39m [90m[39m
[35m[HTTP][39m [37m-->[39m [37mPOST[39m [37m/wd/hub/session/fe48aba3-fa04-449c-967a-053b9ef74b83/elements[39m
[35m[HTTP][39m [90m{"using":"xpath","value":"//*[@class = 'android.widget.EditText' and (@text = 'https://www.happydayshopping.com/products/cart' or . = 'https://www.happydayshopping.com/products/cart') and @resource-id = 'com.android.chrome:id/url_bar']"}[39m
[35m[HTTP][39m [37m<-- POST /wd/hub/session/fe48aba3-fa04-449c-967a-053b9ef74b83/elements [39m[32m200[39m [90m2164 ms - 12[39m
[35m[HTTP][39m [90m[39m
[35m[HTTP][39m [37m-->[39m [37mPOST[39m [37m/wd/hub/session/fe48aba3-fa04-449c-967a-053b9ef74b83/elements[39m
[35m[HTTP][39m [90m{"using":"xpath","value":"//*[@class = 'android.widget.EditText' and (@text = 'https://www.happydayshopping.com/products/cart' or . = 'https://www.happydayshopping.com/products/cart') and @resource-id = 'com.android.chrome:id/url_bar']"}[39m
[35m[HTTP][39m [37m<-- POST /wd/hub/session/fe48aba3-fa04-449c-967a-053b9ef74b83/elements [39m[32m200[39m [90m288 ms - 12[39m
[35m[HTTP][39m [90m[39m
[35m[HTTP][39m [37m-->[39m [37mPOST[39m [37m/wd/hub/session/fe48aba3-fa04-449c-967a-053b9ef74b83/elements[39m
[35m[HTTP][39m [90m{"using":"xpath","value":"//*[@class = 'android.widget.EditText' and (@text = 'https://www.happydayshopping.com/products/cart' or . = 'https://www.happydayshopping.com/products/cart') and @resource-id = 'com.android.chrome:id/url_bar']"}[39m
[35m[HTTP][39m [37m<-- POST /wd/hub/session/fe48aba3-fa04-449c-967a-053b9ef74b83/elements [39m[32m200[39m [90m77 ms - 12[39m
[35m[HTTP][39m [90m[39m
[35m[HTTP][39m [37m-->[39m [37mPOST[39m [37m/wd/hub/session/fe48aba3-fa04-449c-967a-053b9ef74b83/elements[39m
[35m[HTTP][39m [90m{"using":"xpath","value":"//*[@class = 'android.widget.EditText' and (@text = 'https://www.happydayshopping.com/products/cart' or . = 'https://www.happydayshopping.com/products/cart') and @resource-id = 'com.android.chrome:id/url_bar']"}[39m
[35m[HTTP][39m [37m<-- POST /wd/hub/session/fe48aba3-fa04-449c-967a-053b9ef74b83/elements [39m[32m200[39m [90m93 ms - 12[39m
[35m[HTTP][39m [90m[39m
[35m[HTTP][39m [37m-->[39m [37mPOST[39m [37m/wd/hub/session/fe48aba3-fa04-449c-967a-053b9ef74b83/elements[39m
[35m[HTTP][39m [90m{"using":"xpath","value":"//*[@class = 'android.widget.EditText' and (@text = 'https://www.happydayshopping.com/products/cart' or . = 'https://www.happydayshopping.com/products/cart') and @resource-id = 'com.android.chrome:id/url_bar']"}[39m
[35m[HTTP][39m [37m<-- POST /wd/hub/session/fe48aba3-fa04-449c-967a-053b9ef74b83/elements [39m[32m200[39m [90m430 ms - 12[39m
[35m[HTTP][39m [90m[39m
[35m[HTTP][39m [37m-->[39m [37mPOST[39m [37m/wd/hub/session/fe48aba3-fa04-449c-967a-053b9ef74b83/elements[39m
[35m[HTTP][39m [90m{"using":"xpath","value":"//*[@class = 'android.widget.EditText' and (@text = 'https://www.happydayshopping.com/products/cart' or . = 'https://www.happydayshopping.com/products/cart') and @resource-id = 'com.android.chrome:id/url_bar']"}[39m
[35m[HTTP][39m [37m<-- POST /wd/hub/session/fe48aba3-fa04-449c-967a-053b9ef74b83/elements [39m[32m200[39m [90m762 ms - 139[39m
[35m[HTTP][39m [90m[39m
[35m[HTTP][39m [37m-->[39m [37mGET[39m [37m/wd/hub/session/fe48aba3-fa04-449c-967a-053b9ef74b83/element/00000000-0000-001b-ffff-ffff00000000/location[39m
[35m[HTTP][39m [90m{}[39m
[35m[W3C (fe48aba3)][39m Driver proxy active, passing request on via HTTP proxy
[35m[WD Proxy][39m Replacing sessionId 754379f3-ccff-4116-977b-72bd65542108 with fe48aba3-fa04-449c-967a-053b9ef74b83
[35m[HTTP][39m [37m<-- GET /wd/hub/session/fe48aba3-fa04-449c-967a-053b9ef74b83/element/00000000-0000-001b-ffff-ffff00000000/location [39m[32m200[39m [90m24 ms - 77[39m
[35m[HTTP][39m [90m[39m
[35m[HTTP][39m [37m-->[39m [37mPOST[39m [37m/wd/hub/session/fe48aba3-fa04-449c-967a-053b9ef74b83/timeouts[39m
[35m[HTTP][39m [90m{"implicit":30000}[39m
[35m[HTTP][39m [37m<-- POST /wd/hub/session/fe48aba3-fa04-449c-967a-053b9ef74b83/timeouts [39m[32m200[39m [90m2 ms - 14[39m
[35m[HTTP][39m [90m[39m
[35m[HTTP][39m [37m-->[39m [37mGET[39m [37m/wd/hub/session/fe48aba3-fa04-449c-967a-053b9ef74b83/element/00000000-0000-001b-ffff-ffff00000000/text[39m
[35m[HTTP][39m [90m{}[39m
[35m[W3C (fe48aba3)][39m Driver proxy active, passing request on via HTTP proxy
[35m[WD Proxy][39m Replacing sessionId 754379f3-ccff-4116-977b-72bd65542108 with fe48aba3-fa04-449c-967a-053b9ef74b83
[35m[HTTP][39m [37m<-- GET /wd/hub/session/fe48aba3-fa04-449c-967a-053b9ef74b83/element/00000000-0000-001b-ffff-ffff00000000/text [39m[32m200[39m [90m16 ms - 109[39m
[35m[HTTP][39m [90m[39m
[35m[HTTP][39m [37m-->[39m [37mDELETE[39m [37m/wd/hub/session/fe48aba3-fa04-449c-967a-053b9ef74b83[39m
[35m[HTTP][39m [90m{}[39m
[35m[Appium][39m Removing session fe48aba3-fa04-449c-967a-053b9ef74b83 from our master session list
[35m[ADB][39m com.ecwid.ShopAt.HappyDayShopping was successfully uninstalled
[35m[UiAutomator2][39m Restoring hidden api policy to the device default configuration
[35m[HTTP][39m [37m<-- DELETE /wd/hub/session/fe48aba3-fa04-449c-967a-053b9ef74b83 [39m[32m200[39m [90m1858 ms - 14[39m
[35m[HTTP][39m [90m[39m
